[+] Containers:
 |- [+] Container: /Game/ReaperAnimations/Maps/ThirdPersonMap
 |   |- [+] ActorDescs:
 |   |   |- Guid:000A87CB4303E94AF341B38BBCFC4E60 BaseClass: NativeClass:/Script/Engine.SkeletalMeshActor Name:SkeletalMeshActor_UAID_B00CD162E1E7692F02_1999216669 Label:Anim_DashBackward01 SpatiallyLoaded:1 Bounds:IsValid=true, Min=(X=3952.343 Y=8597.688 Z=0.150), Max=(X=4021.580 Y=8711.261 Z=158.781) RuntimeGrid:None EditorOnly:0 RuntimeOnly:0 HLODRelevant:0
 |   |   |- Guid:027D8CA14F154C22AB76C0A4F2B1E8EB BaseClass: NativeClass:/Script/Engine.SkeletalMeshActor Name:SkeletalMeshActor_UAID_B00CD162E1E7692F02_1714459612 Label:Anim_Attack12 SpatiallyLoaded:1 Bounds:IsValid=true, Min=(X=876.396 Y=1299.175 Z=0.129), Max=(X=945.974 Y=1412.475 Z=158.725) RuntimeGrid:None EditorOnly:0 RuntimeOnly:0 HLODRelevant:0
 |   |   |- Guid:042A7D1147061395DEE8FEA3C57315E1 BaseClass: NativeClass:/Script/Engine.SkeletalMeshActor Name:SkeletalMeshActor_UAID_B00CD162E1E7692F02_1842423642 Label:Anim_ChargeAttack04 SpatiallyLoaded:1 Bounds:IsValid=true, Min=(X=870.396 Y=6198.180 Z=0.122), Max=(X=939.973 Y=6311.483 Z=158.722) RuntimeGrid:None EditorOnly:0 RuntimeOnly:0 HLODRelevant:0
 |   |   |- Guid:04C3036347353C64033F35A73C951680 BaseClass: NativeClass:/Script/Engine.SkeletalMeshActor Name:SkeletalMeshActor_UAID_B00CD162E1E7692F02_2001938670 Label:Anim_DashBackwardLeft01 SpatiallyLoaded:1 Bounds:IsValid=true, Min=(X=4154.373 Y=8600.366 Z=0.162), Max=(X=4236.736 Y=8699.399 Z=158.784) RuntimeGrid:None EditorOnly:0 RuntimeOnly:0 HLODRelevant:0
 |   |   |- Guid:07201D404250B730C75FFCA8F89AEFCD BaseClass: NativeClass:/Script/Engine.SkeletalMeshActor Name:SkeletalMeshActor_UAID_B00CD162E1E7692F02_1736938619 Label:Anim_Attack26 SpatiallyLoaded:1 Bounds:IsValid=true, Min=(X=483.396 Y=2394.180 Z=0.124), Max=(X=552.970 Y=2507.483 Z=158.723) RuntimeGrid:None EditorOnly:0 RuntimeOnly:0 HLODRelevant:0
 |   |   |- Guid:114740164AD441676E3A0BB6DB72D8CA BaseClass: NativeClass:/Script/Engine.SkeletalMeshActor Name:SkeletalMeshActor_UAID_B00CD162E1E7692F02_1839705641 Label:Anim_ChargeAttack02 SpatiallyLoaded:1 Bounds:IsValid=true, Min=(X=484.396 Y=6203.180 Z=0.122), Max=(X=553.954 Y=6316.483 Z=158.722) RuntimeGrid:None EditorOnly:0 RuntimeOnly:0 HLODRelevant:0
 |   |   |- Guid:11F343654CECCF1E8ADE76A1A2028E43 BaseClass: NativeClass:/Script/Engine.SkeletalMeshActor Name:SkeletalMeshActor_UAID_B00CD162E1E7692F02_1732121618 Label:Anim_Attack24 SpatiallyLoaded:1 Bounds:IsValid=true, Min=(X=1671.396 Y=1887.166 Z=0.124), Max=(X=1740.969 Y=2000.467 Z=158.722) RuntimeGrid:None EditorOnly:0 RuntimeOnly:0 HLODRelevant:0
 |   |   |- Guid:154C7FE34CDD80C178DB5F98A1DE2B0A BaseClass: NativeClass:/Script/Engine.SkeletalMeshActor Name:SkeletalMeshActor_UAID_B00CD162E1E7692F02_1922773658 Label:Anim_DashForward02 SpatiallyLoaded:1 Bounds:IsValid=true, Min=(X=979.406 Y=9009.101 Z=0.126), Max=(X=1048.965 Y=9122.436 Z=158.721) RuntimeGrid:None EditorOnly:0 RuntimeOnly:0 HLODRelevant:0
 |   |   |- Guid:15AB4C2748156E275060468D279D5444 BaseClass: NativeClass:/Script/Engine.SkeletalMeshActor Name:SkeletalMeshActor_UAID_B00CD162E1E7692F02_1777923628 Label:Anim_Attack09 SpatiallyLoaded:1 Bounds:IsValid=true, Min=(X=868.343 Y=3497.688 Z=0.158), Max=(X=937.580 Y=3611.261 Z=158.781) RuntimeGrid:None EditorOnly:0 RuntimeOnly:0 HLODRelevant:0
 |   |   |- Guid:1A5E2A3B47C1296D214FE8BBD1F46245 BaseClass: NativeClass:/Script/Engine.SkeletalMeshActor Name:SkeletalMeshActor_UAID_B00CD162E1E7692F02_1797883634 Label:Anim_Attack21 SpatiallyLoaded:1 Bounds:IsValid=true, Min=(X=1659.345 Y=4095.689 Z=0.156), Max=(X=1728.580 Y=4209.262 Z=158.780) RuntimeGrid:None EditorOnly:0 RuntimeOnly:0 HLODRelevant:0
 |   |   |- Guid:1DF4225F4097D6C177359281A43F6559 BaseClass: NativeClass:/Script/Engine.SkeletalMeshActor Name:SkeletalMeshActor_UAID_B00CD162E1E7692F02_1849581644 Label:Anim_ChargeAttack08 SpatiallyLoaded:1 Bounds:IsValid=true, Min=(X=1671.346 Y=6221.654 Z=10.889), Max=(X=1718.186 Y=6315.673 Z=186.128) RuntimeGrid:None EditorOnly:0 RuntimeOnly:0 HLODRelevant:0
 |   |   |- Guid:267A872D47A9478FDAACF0980FFB799C BaseClass: NativeClass:/Script/Engine.SkeletalMeshActor Name:SkeletalMeshActor_UAID_B00CD162E1E7692F02_1924673659 Label:Anim_DashForwardLeft02 SpatiallyLoaded:1 Bounds:IsValid=true, Min=(X=1171.863 Y=8999.874 Z=0.126), Max=(X=1252.636 Y=9100.557 Z=158.619) RuntimeGrid:None EditorOnly:0 RuntimeOnly:0 HLODRelevant:0
 |   |   |- Guid:28451DB147A045BC20088C946D123611 BaseClass: NativeClass:/Script/Engine.SkeletalMeshActor Name:SkeletalMeshActor_UAID_B00CD162E1E7692F02_2018360675 Label:Anim_DashForwardLeft01 SpatiallyLoaded:1 Bounds:IsValid=true, Min=(X=4159.273 Y=9068.402 Z=0.161), Max=(X=4264.767 Y=9147.779 Z=158.781) RuntimeGrid:None EditorOnly:0 RuntimeOnly:0 HLODRelevant:0
 |   |   |- Guid:298C07174E72372AB10E329AF357C02B BaseClass: NativeClass:/Script/Engine.SkeletalMeshActor Name:SkeletalMeshActor_UAID_B00CD162E1E7692F02_1746432622 Label:Anim_Attack32 SpatiallyLoaded:1 Bounds:IsValid=true, Min=(X=1673.397 Y=2392.167 Z=0.129), Max=(X=1742.979 Y=2505.470 Z=158.725) RuntimeGrid:None EditorOnly:0 RuntimeOnly:0 HLODRelevant:0
 |   |   |- Guid:2E9F3CA445159DAD8FD03C83B31B9E6A BaseClass: NativeClass:/Script/Engine.SkeletalMeshActor Name:SkeletalMeshActor_UAID_B00CD162E1E7692F02_1926554660 Label:Anim_DashForwardRight02 SpatiallyLoaded:1 Bounds:IsValid=true, Min=(X=760.958 Y=9032.415 Z=0.130), Max=(X=866.480 Y=9111.759 Z=158.746) RuntimeGrid:None EditorOnly:0 RuntimeOnly:0 HLODRelevant:0
 |   |   |- Guid:2F90379C43CCD6EB1418AE9A20526309 BaseClass: NativeClass:/Script/Engine.SkeletalMeshActor Name:SkeletalMeshActor_UAID_B00CD162E1E7692F02_1762536624 Label:Anim_Attack01 SpatiallyLoaded:1 Bounds:IsValid=true, Min=(X=862.343 Y=2894.684 Z=0.149), Max=(X=931.580 Y=3008.261 Z=158.781) RuntimeGrid:None EditorOnly:0 RuntimeOnly:0 HLODRelevant:0
 |   |   |- Guid:2FB58999456391D349DC0F86DAC136ED BaseClass: NativeClass:/Script/Engine.SkyLight Name:SkyLight_1 Label:SkyLight SpatiallyLoaded:0 Bounds:IsValid=true, Min=(X=0.000 Y=0.000 Z=690.000), Max=(X=0.000 Y=0.000 Z=690.000) RuntimeGrid:None EditorOnly:0 RuntimeOnly:0 HLODRelevant:0 FolderPath:Lighting FolderGuid:963EC3EB4002CCE9759E2EBA541A873A
 |   |   |- Guid:316CF2A6494ACA4C0E4180A87D36AB8F BaseClass: NativeClass:/Script/Engine.ExponentialHeightFog Name:ExponentialHeightFog_0 Label:ExponentialHeightFog SpatiallyLoaded:0 Bounds:IsValid=true, Min=(X=-5600.000 Y=-50.000 Z=-6850.000), Max=(X=-5600.000 Y=-50.000 Z=-6850.000) RuntimeGrid:None EditorOnly:0 RuntimeOnly:0 HLODRelevant:0 FolderPath:Lighting FolderGuid:963EC3EB4002CCE9759E2EBA541A873A
 |   |   |- Guid:3256350040CF950BC4C542AF6D41B50A BaseClass: NativeClass:/Script/Engine.SkeletalMeshActor Name:SkeletalMeshActor_UAID_B00CD162E1E7692F02_1803323635 Label:Anim_Attack23 SpatiallyLoaded:1 Bounds:IsValid=true, Min=(X=471.343 Y=4694.688 Z=0.158), Max=(X=540.580 Y=4808.261 Z=158.781) RuntimeGrid:None EditorOnly:0 RuntimeOnly:0 HLODRelevant:0
 |   |   |- Guid:36C3F7D44CE588374C57558A9DADF5D9 BaseClass: NativeClass:/Script/Engine.SkeletalMeshActor Name:SkeletalMeshActor_UAID_B00CD162E1E7692F02_1847034643 Label:Anim_ChargeAttack06 SpatiallyLoaded:1 Bounds:IsValid=true, Min=(X=1282.396 Y=6208.175 Z=0.124), Max=(X=1351.967 Y=6321.477 Z=158.722) RuntimeGrid:None EditorOnly:0 RuntimeOnly:0 HLODRelevant:0
 |   |   |- Guid:3A00AA1C422CE54C0BDB60BAF471BFBB BaseClass: NativeClass:/Script/Engine.PlayerStart Name:PlayerStart_0 Label:PlayerStart SpatiallyLoaded:0 Bounds:IsValid=true, Min=(X=860.000 Y=1070.000 Z=0.013), Max=(X=940.000 Y=1150.000 Z=184.013) RuntimeGrid:None EditorOnly:0 RuntimeOnly:0 HLODRelevant:0
 |   |   |- Guid:3ABB561C44E645D640B563BB1C959997 BaseClass: NativeClass:/Script/Engine.SkeletalMeshActor Name:SkeletalMeshActor_UAID_B00CD162E1E7692F02_1868206649 Label:Anim_ChargeAttack05 SpatiallyLoaded:1 Bounds:IsValid=true, Min=(X=464.344 Y=7297.688 Z=0.158), Max=(X=533.580 Y=7411.261 Z=158.781) RuntimeGrid:None EditorOnly:0 RuntimeOnly:0 HLODRelevant:0
 |   |   |- Guid:3EA238564B9014E29C3A3596DCA18A32 BaseClass: NativeClass:/Script/Engine.SkeletalMeshActor Name:SkeletalMeshActor_UAID_B00CD162E1E7692F02_1972131665 Label:Anim_FlyingDashLeft02 SpatiallyLoaded:1 Bounds:IsValid=true, Min=(X=2785.346 Y=8829.654 Z=10.889), Max=(X=2832.186 Y=8923.674 Z=186.127) RuntimeGrid:None EditorOnly:0 RuntimeOnly:0 HLODRelevant:0
 |   |   |- Guid:4102ED6F4264603545AE479622816ED1 BaseClass: NativeClass:/Script/Engine.SkeletalMeshActor Name:SkeletalMeshActor_UAID_B00CD162E1E7692F02_1775828627 Label:Anim_Attack07 SpatiallyLoaded:1 Bounds:IsValid=true, Min=(X=471.343 Y=3491.684 Z=0.149), Max=(X=540.580 Y=3605.261 Z=158.781) RuntimeGrid:None EditorOnly:0 RuntimeOnly:0 HLODRelevant:0
 |   |   |- Guid:4137F8024B693D3638C035B0AAF4DDE6 BaseClass: NativeClass:/Script/Engine.SkeletalMeshActor Name:SkeletalMeshActor_UAID_B00CD162E1E7692F02_2004426671 Label:Anim_DashBackwardRight01 SpatiallyLoaded:1 Bounds:IsValid=true, Min=(X=3727.141 Y=8642.353 Z=0.160), Max=(X=3833.444 Y=8721.686 Z=158.781) RuntimeGrid:None EditorOnly:0 RuntimeOnly:0 HLODRelevant:0
 |   |   |- Guid:4D3BE93F4146AAAC8BBE79999D96D57F BaseClass: NativeClass:/Script/Engine.VolumetricCloud Name:VolumetricCloud_0 Label:VolumetricCloud SpatiallyLoaded:0 Bounds:IsValid=true, Min=(X=0.000 Y=0.000 Z=820.000), Max=(X=0.000 Y=0.000 Z=820.000) RuntimeGrid:None EditorOnly:0 RuntimeOnly:0 HLODRelevant:0 FolderPath:Lighting FolderGuid:963EC3EB4002CCE9759E2EBA541A873A
 |   |   |- Guid:4D4F87E44A215831DCA92CB93EE59638 BaseClass: NativeClass:/Script/Engine.SkeletalMeshActor Name:SkeletalMeshActor_UAID_B00CD162E1E7692F02_1698560607 Label:Anim_Attack02 SpatiallyLoaded:1 Bounds:IsValid=true, Min=(X=471.396 Y=590.180 Z=0.123), Max=(X=540.972 Y=703.482 Z=158.723) RuntimeGrid:None EditorOnly:0 RuntimeOnly:0 HLODRelevant:0
 |   |   |- Guid:56CB34C6493FC2201303C78BA77234A6 BaseClass: NativeClass:/Script/Engine.SkeletalMeshActor Name:SkeletalMeshActor_UAID_B00CD162E1E7692F02_1854617645 Label:Anim_ChargeAttack10 SpatiallyLoaded:1 Bounds:IsValid=true, Min=(X=494.346 Y=6825.650 Z=10.888), Max=(X=541.184 Y=6919.676 Z=186.127) RuntimeGrid:None EditorOnly:0 RuntimeOnly:0 HLODRelevant:0
 |   |   |- Guid:575B53384F0D6E909724868467D5A058 BaseClass: NativeClass:/Script/Engine.SkeletalMeshActor Name:SkeletalMeshActor_UAID_B00CD162E1E7692F02_2016101674 Label:Anim_DashForward01 SpatiallyLoaded:1 Bounds:IsValid=true, Min=(X=3965.344 Y=9016.685 Z=0.149), Max=(X=4034.580 Y=9130.261 Z=158.780) RuntimeGrid:None EditorOnly:0 RuntimeOnly:0 HLODRelevant:0
 |   |   |- Guid:596D4BD047A80D83382F8A91D6B09C5A BaseClass: NativeClass:/Script/Engine.SkeletalMeshActor Name:SkeletalMeshActor_UAID_B00CD162E1E7692F02_1980929668 Label:Anim_FlyingDashForwardRight02 SpatiallyLoaded:1 Bounds:IsValid=true, Min=(X=2359.951 Y=9044.132 Z=10.889), Max=(X=2445.447 Y=9118.071 Z=186.145) RuntimeGrid:None EditorOnly:0 RuntimeOnly:0 HLODRelevant:0
 |   |   |- Guid:5A08100A4ACC06F0F70997AA27D5B2D2 BaseClass: NativeClass:/Script/Engine.SkeletalMeshActor Name:SkeletalMeshActor_UAID_B00CD162E1E7692F02_1719765614 Label:Anim_Attack16 SpatiallyLoaded:1 Bounds:IsValid=true, Min=(X=1670.406 Y=1294.101 Z=0.127), Max=(X=1739.968 Y=1407.436 Z=158.721) RuntimeGrid:None EditorOnly:0 RuntimeOnly:0 HLODRelevant:0
 |   |   |- Guid:5B97F4A64FB21F77EFC44386BF705B4C BaseClass: NativeClass:/Script/Engine.TextRenderActor Name:TextRenderActor_1 Label:TextRenderActor SpatiallyLoaded:1 Bounds:IsValid=true, Min=(X=-0.100 Y=1100.000 Z=65.013), Max=(X=-0.100 Y=2392.308 Z=215.013) RuntimeGrid:None EditorOnly:0 RuntimeOnly:0 HLODRelevant:0
 |   |   |- Guid:5BAF865745B4B0E09F49758C1F9DDAD2 BaseClass: NativeClass:/Script/Engine.SkeletalMeshActor Name:SkeletalMeshActor_UAID_B00CD162E1E7692F02_1817506639 Label:Anim_Attack31 SpatiallyLoaded:1 Bounds:IsValid=true, Min=(X=476.345 Y=5200.689 Z=0.157), Max=(X=545.580 Y=5314.262 Z=158.780) RuntimeGrid:None EditorOnly:0 RuntimeOnly:0 HLODRelevant:0
 |   |   |- Guid:5E5B2C72482720EF2F1D5BBF4FC88C1D BaseClass: NativeClass:/Script/Engine.SkeletalMeshActor Name:SkeletalMeshActor_UAID_B00CD162E1E7692F02_1813437638 Label:Anim_Attack29 SpatiallyLoaded:1 Bounds:IsValid=true, Min=(X=1650.342 Y=4688.675 Z=0.149), Max=(X=1719.577 Y=4802.251 Z=158.781) RuntimeGrid:None EditorOnly:0 RuntimeOnly:0 HLODRelevant:0
 |   |   |- Guid:6BAF4DDD444C60371492D3919DB42C97 BaseClass: NativeClass:/Script/Engine.WorldDataLayers Name:WorldDataLayers Label:WorldDataLayers SpatiallyLoaded:0 Bounds:IsValid=true, Min=(X=0.000 Y=0.000 Z=0.000), Max=(X=0.000 Y=0.000 Z=0.000) RuntimeGrid:None EditorOnly:0 RuntimeOnly:0 HLODRelevant:0
 |   |   |- Guid:6C8B3D8446E8C3F270CC5D978BCA690B BaseClass: NativeClass:/Script/Engine.SkeletalMeshActor Name:SkeletalMeshActor_UAID_B00CD162E1E7692F02_1796052633 Label:Anim_Attack19 SpatiallyLoaded:1 Bounds:IsValid=true, Min=(X=1258.345 Y=4092.689 Z=0.157), Max=(X=1327.580 Y=4206.262 Z=158.780) RuntimeGrid:None EditorOnly:0 RuntimeOnly:0 HLODRelevant:0
 |   |   |- Guid:6E5A6E0147B37D7E86B0D3AD03498E14 BaseClass: NativeClass:/Script/Engine.SkeletalMeshActor Name:SkeletalMeshActor_UAID_B00CD162E1E7692F02_1955246661 Label:Anim_FlyingDashBackward02 SpatiallyLoaded:1 Bounds:IsValid=true, Min=(X=2582.359 Y=8645.617 Z=10.874), Max=(X=2629.180 Y=8739.672 Z=186.126) RuntimeGrid:None EditorOnly:0 RuntimeOnly:0 HLODRelevant:0
 |   |   |- Guid:72405E674F1EAD0CD9BBCB8CC48D4BE0 BaseClass: NativeClass:/Script/Engine.SkeletalMeshActor Name:SkeletalMeshActor_UAID_B00CD162E1E7692F02_1811518637 Label:Anim_Attack27 SpatiallyLoaded:1 Bounds:IsValid=true, Min=(X=1258.344 Y=4697.674 Z=0.149), Max=(X=1327.578 Y=4811.250 Z=158.781) RuntimeGrid:None EditorOnly:0 RuntimeOnly:0 HLODRelevant:0
 |   |   |- Guid:75CB0CAA4A1417202A57B196AE81D5F3 BaseClass: NativeClass:/Script/Engine.SkeletalMeshActor Name:SkeletalMeshActor_UAID_B00CD162E1E7692F02_2020420676 Label:Anim_DashForwardRight01 SpatiallyLoaded:1 Bounds:IsValid=true, Min=(X=3761.285 Y=9051.630 Z=0.163), Max=(X=3842.148 Y=9152.477 Z=158.783) RuntimeGrid:None EditorOnly:0 RuntimeOnly:0 HLODRelevant:0
 |   |   |- Guid:7FAA4C964A32515BA109D5881342060F BaseClass: NativeClass:/Script/Engine.SkeletalMeshActor Name:SkeletalMeshActor_UAID_B00CD162E1E7692F02_1716813613 Label:Anim_Attack14 SpatiallyLoaded:1 Bounds:IsValid=true, Min=(X=1261.397 Y=1302.174 Z=0.126), Max=(X=1330.977 Y=1415.474 Z=158.724) RuntimeGrid:None EditorOnly:0 RuntimeOnly:0 HLODRelevant:0
 |   |   |- Guid:805ED2AC45067E65298679891DE142C6 BaseClass: NativeClass:/Script/Engine.SkeletalMeshActor Name:SkeletalMeshActor_UAID_B00CD162E1E7692F02_1739187620 Label:Anim_Attack28 SpatiallyLoaded:1 Bounds:IsValid=true, Min=(X=863.396 Y=2391.180 Z=0.123), Max=(X=932.966 Y=2504.473 Z=158.721) RuntimeGrid:None EditorOnly:0 RuntimeOnly:0 HLODRelevant:0
 |   |   |- Guid:81A1BAE04EEAC642664E068CB2752F1A BaseClass: NativeClass:/Script/Engine.SkeletalMeshActor Name:SkeletalMeshActor_UAID_B00CD162E1E7692F02_1726887616 Label:Anim_Attack20 SpatiallyLoaded:1 Bounds:IsValid=true, Min=(X=870.396 Y=1887.172 Z=0.128), Max=(X=939.973 Y=2000.475 Z=158.725) RuntimeGrid:None EditorOnly:0 RuntimeOnly:0 HLODRelevant:0
 |   |   |- Guid:85BFE5674C633CE2641B5AA0401CDC70 BaseClass: NativeClass:/Script/Engine.SkeletalMeshActor Name:SkeletalMeshActor_UAID_B00CD162E1E7692F02_1919125657 Label:Anim_DashLeft02 SpatiallyLoaded:1 Bounds:IsValid=true, Min=(X=1176.396 Y=8813.180 Z=0.123), Max=(X=1245.970 Y=8926.483 Z=158.722) RuntimeGrid:None EditorOnly:0 RuntimeOnly:0 HLODRelevant:0
 |   |   |- Guid:9AF4B646446404764541068D33649CCC BaseClass: NativeClass:/Script/Engine.SkeletalMeshActor Name:SkeletalMeshActor_UAID_B00CD162E1E7692F02_1856763646 Label:Anim_ChargeAttack12 SpatiallyLoaded:1 Bounds:IsValid=true, Min=(X=873.346 Y=6816.654 Z=10.889), Max=(X=920.186 Y=6910.681 Z=186.128) RuntimeGrid:None EditorOnly:0 RuntimeOnly:0 HLODRelevant:0
 |   |   |- Guid:9E8EB14B49CB75812C9AFA82AEBC74EC BaseClass: NativeClass:/Script/Engine.SkeletalMeshActor Name:SkeletalMeshActor_UAID_B00CD162E1E7692F02_1869990650 Label:Anim_ChargeAttack07 SpatiallyLoaded:1 Bounds:IsValid=true, Min=(X=871.140 Y=7324.661 Z=12.156), Max=(X=917.304 Y=7419.819 Z=186.150) RuntimeGrid:None EditorOnly:0 RuntimeOnly:0 HLODRelevant:0
 |   |   |- Guid:A71FDFE142B49104E45A5E87A20062F4 BaseClass: NativeClass:/Script/Engine.SkeletalMeshActor Name:SkeletalMeshActor_UAID_B00CD162E1E7692F02_1872562651 Label:Anim_ChargeAttack09 SpatiallyLoaded:1 Bounds:IsValid=true, Min=(X=1289.140 Y=7325.661 Z=12.155), Max=(X=1335.304 Y=7420.819 Z=186.150) RuntimeGrid:None EditorOnly:0 RuntimeOnly:0 HLODRelevant:0
 |   |   |- Guid:A866F51A4430BC3D6AEFFFA5D1DB4084 BaseClass: NativeClass:/Script/Engine.SkeletalMeshActor Name:SkeletalMeshActor_UAID_B00CD162E1E7692F02_1780852629 Label:Anim_Attack11 SpatiallyLoaded:1 Bounds:IsValid=true, Min=(X=1260.345 Y=3495.688 Z=0.158), Max=(X=1329.580 Y=3609.261 Z=158.781) RuntimeGrid:None EditorOnly:0 RuntimeOnly:0 HLODRelevant:0
 |   |   |- Guid:AE57CE6C40EEDB2A2E6002A85B03CB82 BaseClass: NativeClass:/Script/Engine.SkeletalMeshActor Name:SkeletalMeshActor_UAID_B00CD162E1E7692F02_1701241608 Label:Anim_Attack04 SpatiallyLoaded:1 Bounds:IsValid=true, Min=(X=863.396 Y=608.180 Z=0.122), Max=(X=932.972 Y=721.483 Z=158.723) RuntimeGrid:None EditorOnly:0 RuntimeOnly:0 HLODRelevant:0
 |   |   |- Guid:B09CC49D48AD06B17EEC25A73AEC45C4 BaseClass: NativeClass:/Script/Engine.SkeletalMeshActor Name:SkeletalMeshActor_UAID_B00CD162E1E7692F02_1769738626 Label:Anim_Attack05 SpatiallyLoaded:1 Bounds:IsValid=true, Min=(X=1667.343 Y=2892.664 Z=0.149), Max=(X=1736.580 Y=3006.241 Z=158.781) RuntimeGrid:None EditorOnly:0 RuntimeOnly:0 HLODRelevant:0
 |   |   |- Guid:B156E44248302AB9BB2373A41E9932DF BaseClass: NativeClass:/Script/Engine.SkeletalMeshActor Name:SkeletalMeshActor_UAID_B00CD162E1E7692F02_1911413655 Label:Anim_DashBackwardRight02 SpatiallyLoaded:1 Bounds:IsValid=true, Min=(X=756.254 Y=8607.592 Z=0.125), Max=(X=838.520 Y=8706.420 Z=158.611) RuntimeGrid:None EditorOnly:0 RuntimeOnly:0 HLODRelevant:0
 |   |   |- Guid:B15C560C4CF9335A39F4C287FDB57E4A BaseClass: NativeClass:/Script/Engine.SkeletalMeshActor Name:SkeletalMeshActor_UAID_B00CD162E1E7692F02_1783513630 Label:Anim_Attack13 SpatiallyLoaded:1 Bounds:IsValid=true, Min=(X=1659.346 Y=3494.684 Z=0.149), Max=(X=1728.580 Y=3608.261 Z=158.781) RuntimeGrid:None EditorOnly:0 RuntimeOnly:0 HLODRelevant:0
 |   |   |- Guid:B72080E04AC7EAC0D4F423AB96EA7DEE BaseClass: NativeClass:/Script/Engine.SkeletalMeshActor Name:SkeletalMeshActor_UAID_B00CD162E1E7692F02_1978325667 Label:Anim_FlyingDashForwardLeft02 SpatiallyLoaded:1 Bounds:IsValid=true, Min=(X=2757.470 Y=9023.277 Z=10.888), Max=(X=2834.968 Y=9107.178 Z=186.098) RuntimeGrid:None EditorOnly:0 RuntimeOnly:0 HLODRelevant:0
 |   |   |- Guid:B785ED2844B84CFB91E7F39FE661CD99 BaseClass: NativeClass:/Script/Engine.DirectionalLight Name:DirectionalLight_0 Label:DirectionalLight SpatiallyLoaded:0 Bounds:IsValid=true, Min=(X=-4398046511104.000 Y=-4398046511104.000 Z=-4398046511104.000), Max=(X=4398046511104.000 Y=4398046511104.000 Z=4398046511104.000) RuntimeGrid:None EditorOnly:0 RuntimeOnly:0 HLODRelevant:0 FolderPath:Lighting FolderGuid:963EC3EB4002CCE9759E2EBA541A873A
 |   |   |- Guid:BC7C9B9F48EA7A07B1CA1DB6C8D44D09 BaseClass: NativeClass:/Script/Engine.SkeletalMeshActor Name:SkeletalMeshActor_UAID_B00CD162E1E7692F02_1750834623 Label:Anim_Attack34 SpatiallyLoaded:1 Bounds:IsValid=true, Min=(X=473.396 Y=2902.180 Z=0.124), Max=(X=542.973 Y=3015.481 Z=158.722) RuntimeGrid:None EditorOnly:0 RuntimeOnly:0 HLODRelevant:0
 |   |   |- Guid:C023D2F74674DC48F98141985B45F50D BaseClass: NativeClass:/Script/Engine.SkeletalMeshActor Name:SkeletalMeshActor_UAID_B00CD162E1E7692F02_1965043663 Label:Anim_FlyingDashBackwardRight02 SpatiallyLoaded:1 Bounds:IsValid=true, Min=(X=2357.318 Y=8651.549 Z=10.883), Max=(X=2438.221 Y=8734.460 Z=186.092) RuntimeGrid:None EditorOnly:0 RuntimeOnly:0 HLODRelevant:0
 |   |   |- Guid:CB4EE2DB4734EF7AED603C8EBAEF266C BaseClass: NativeClass:/Script/Engine.SkeletalMeshActor Name:SkeletalMeshActor_UAID_B00CD162E1E7692F02_1864336648 Label:Anim_ChargeAttack03 SpatiallyLoaded:1 Bounds:IsValid=true, Min=(X=1665.345 Y=6792.684 Z=0.149), Max=(X=1734.580 Y=6906.261 Z=158.781) RuntimeGrid:None EditorOnly:0 RuntimeOnly:0 HLODRelevant:0
 |   |   |- Guid:CCFF262C46EEFFDF319E7F9539CE697E BaseClass: NativeClass:/Script/Engine.SkyAtmosphere Name:SkyAtmosphere_0 Label:SkyAtmosphere SpatiallyLoaded:0 Bounds:IsValid=true, Min=(X=0.000 Y=0.000 Z=1020.000), Max=(X=0.000 Y=0.000 Z=1020.000) RuntimeGrid:None EditorOnly:0 RuntimeOnly:0 HLODRelevant:0 FolderPath:Lighting FolderGuid:963EC3EB4002CCE9759E2EBA541A873A
 |   |   |- Guid:CD2311774C23FE759AC02DA2746A004B BaseClass: NativeClass:/Script/Engine.SkeletalMeshActor Name:SkeletalMeshActor_UAID_B00CD162E1E7692F02_1975671666 Label:Anim_FlyingDashForward02 SpatiallyLoaded:1 Bounds:IsValid=true, Min=(X=2582.346 Y=9027.654 Z=10.890), Max=(X=2629.186 Y=9121.673 Z=186.128) RuntimeGrid:None EditorOnly:0 RuntimeOnly:0 HLODRelevant:0
 |   |   |- Guid:D1CF31614D18E3DED9B376881997F2BF BaseClass: NativeClass:/Script/Engine.SkeletalMeshActor Name:SkeletalMeshActor_UAID_B00CD162E1E7692F02_2009308672 Label:Anim_DashLeft01 SpatiallyLoaded:1 Bounds:IsValid=true, Min=(X=4163.345 Y=8848.682 Z=0.151), Max=(X=4232.580 Y=8962.257 Z=158.781) RuntimeGrid:None EditorOnly:0 RuntimeOnly:0 HLODRelevant:0
 |   |   |- Guid:D3FCC35544CFFD0157011AA44F55CD4D BaseClass: NativeClass:/Script/Engine.SkeletalMeshActor Name:SkeletalMeshActor_UAID_B00CD162E1E7692F02_1723911615 Label:Anim_Attack18 SpatiallyLoaded:1 Bounds:IsValid=true, Min=(X=493.406 Y=1889.096 Z=0.131), Max=(X=562.967 Y=2002.432 Z=158.724) RuntimeGrid:None EditorOnly:0 RuntimeOnly:0 HLODRelevant:0
 |   |   |- Guid:D556993C4D575A79BEB8E3917F24C984 BaseClass: NativeClass:/Script/Engine.SkeletalMeshActor Name:SkeletalMeshActor_UAID_B00CD162E1E7692F02_1875067652 Label:Anim_ChargeAttack11 SpatiallyLoaded:1 Bounds:IsValid=true, Min=(X=1664.140 Y=7318.662 Z=12.156), Max=(X=1710.304 Y=7413.823 Z=186.150) RuntimeGrid:None EditorOnly:0 RuntimeOnly:0 HLODRelevant:0
 |   |   |- Guid:D6B50EF746765C0FE09E8884B075A81B BaseClass: NativeClass:/Script/Engine.SkeletalMeshActor Name:SkeletalMeshActor_UAID_B00CD162E1E7692F02_1904278653 Label:Anim_DashBackward02 SpatiallyLoaded:1 Bounds:IsValid=true, Min=(X=977.396 Y=8589.180 Z=0.124), Max=(X=1046.973 Y=8702.483 Z=158.723) RuntimeGrid:None EditorOnly:0 RuntimeOnly:0 HLODRelevant:0
 |   |   |- Guid:D85D155042D57769EAB2239A43BFDFBB BaseClass: NativeClass:/Script/Engine.SkeletalMeshActor Name:SkeletalMeshActor_UAID_B00CD162E1E7692F02_1729325617 Label:Anim_Attack22 SpatiallyLoaded:1 Bounds:IsValid=true, Min=(X=1257.396 Y=1888.172 Z=0.128), Max=(X=1326.973 Y=2001.475 Z=158.725) RuntimeGrid:None EditorOnly:0 RuntimeOnly:0 HLODRelevant:0
 |   |   |- Guid:DB1D2DF64C78CC9816F8218B5DBB2869 BaseClass: NativeClass:/Script/Engine.SkeletalMeshActor Name:SkeletalMeshActor_UAID_B00CD162E1E7692F02_2012010673 Label:Anim_DashRight01 SpatiallyLoaded:1 Bounds:IsValid=true, Min=(X=3755.345 Y=8855.684 Z=0.150), Max=(X=3824.580 Y=8969.261 Z=158.781) RuntimeGrid:None EditorOnly:0 RuntimeOnly:0 HLODRelevant:0
 |   |   |- Guid:DC7DFC424030AC827B2A55A01622D0C8 BaseClass: NativeClass:/Script/Engine.SkeletalMeshActor Name:SkeletalMeshActor_UAID_B00CD162E1E7692F02_1916181656 Label:Anim_DashRight02 SpatiallyLoaded:1 Bounds:IsValid=true, Min=(X=768.396 Y=8804.180 Z=0.122), Max=(X=837.970 Y=8917.482 Z=158.723) RuntimeGrid:None EditorOnly:0 RuntimeOnly:0 HLODRelevant:0
 |   |   |- Guid:DD6060E84E9512964216DC82A5089E58 BaseClass: NativeClass:/Script/Engine.SkeletalMeshActor Name:SkeletalMeshActor_UAID_B00CD162E1E7692F02_1743297621 Label:Anim_Attack30 SpatiallyLoaded:1 Bounds:IsValid=true, Min=(X=1262.396 Y=2395.180 Z=0.123), Max=(X=1331.970 Y=2508.483 Z=158.722) RuntimeGrid:None EditorOnly:0 RuntimeOnly:0 HLODRelevant:0
 |   |   |- Guid:DDF3229A4F57D191FBD4B4952BF1971F BaseClass: NativeClass:/Script/Engine.SkeletalMeshActor Name:SkeletalMeshActor_UAID_B00CD162E1E7692F02_1712236611 Label:Anim_Attack10 SpatiallyLoaded:1 Bounds:IsValid=true, Min=(X=484.396 Y=1300.174 Z=0.126), Max=(X=553.978 Y=1413.478 Z=158.724) RuntimeGrid:None EditorOnly:0 RuntimeOnly:0 HLODRelevant:0
 |   |   |- Guid:DE9078424FD5A0551D9DF18BF920E836 BaseClass: NativeClass:/Script/Engine.SkeletalMeshActor Name:SkeletalMeshActor_UAID_B00CD162E1E7692F02_1809093636 Label:Anim_Attack25 SpatiallyLoaded:1 Bounds:IsValid=true, Min=(X=871.343 Y=4691.684 Z=0.149), Max=(X=940.580 Y=4805.261 Z=158.781) RuntimeGrid:None EditorOnly:0 RuntimeOnly:0 HLODRelevant:0
 |   |   |- Guid:DEC58A9C488F62A29D31E096C400EB36 BaseClass: NativeClass:/Script/Engine.SkeletalMeshActor Name:SkeletalMeshActor_UAID_B00CD162E1E7692F02_1819358640 Label:Anim_Attack33 SpatiallyLoaded:1 Bounds:IsValid=true, Min=(X=869.345 Y=5208.684 Z=0.149), Max=(X=938.580 Y=5322.261 Z=158.781) RuntimeGrid:None EditorOnly:0 RuntimeOnly:0 HLODRelevant:0
 |   |   |- Guid:E5C3DCEB46DB9D0FE97461ABB23DDB65 BaseClass: NativeClass:/Script/Engine.SkeletalMeshActor Name:SkeletalMeshActor_UAID_B00CD162E1E7692F02_1766221625 Label:Anim_Attack03 SpatiallyLoaded:1 Bounds:IsValid=true, Min=(X=1260.343 Y=2888.684 Z=0.150), Max=(X=1329.580 Y=3002.261 Z=158.781) RuntimeGrid:None EditorOnly:0 RuntimeOnly:0 HLODRelevant:0
 |   |   |- Guid:E7A918BF457721953E292F997F731B0F BaseClass: NativeClass:/Script/Engine.SkeletalMeshActor Name:SkeletalMeshActor_UAID_B00CD162E1E7692F02_1960669662 Label:Anim_FlyingDashBackwardLeft02 SpatiallyLoaded:1 Bounds:IsValid=true, Min=(X=2764.877 Y=8641.530 Z=10.889), Max=(X=2850.705 Y=8714.821 Z=186.145) RuntimeGrid:None EditorOnly:0 RuntimeOnly:0 HLODRelevant:0
 |   |   |- Guid:EAF10E7C45775AF26B58CEA8997D48B3 BaseClass: NativeClass:/Script/Engine.SkeletalMeshActor Name:SkeletalMeshActor_UAID_B00CD162E1E7692F02_1908367654 Label:Anim_DashBackwardLeft02 SpatiallyLoaded:1 Bounds:IsValid=true, Min=(X=1164.221 Y=8635.376 Z=0.128), Max=(X=1270.562 Y=8714.680 Z=158.747) RuntimeGrid:None EditorOnly:0 RuntimeOnly:0 HLODRelevant:0
 |   |   |- Guid:EC4E0C944CE6AC6E784BC6BB2916EA13 BaseClass: NativeClass:/Script/Engine.StaticMeshActor Name:StaticMeshActor_UAID_A4AE111137DC5EFB00_1110535423 Label:SM_SkySphere SpatiallyLoaded:0 Bounds:IsValid=true, Min=(X=-1638400.000 Y=-1638400.000 Z=-1638400.000), Max=(X=1638400.000 Y=1638400.000 Z=1638400.000) RuntimeGrid:None EditorOnly:0 RuntimeOnly:0 HLODRelevant:1 FolderPath:Lighting FolderGuid:963EC3EB4002CCE9759E2EBA541A873A
 |   |   |- Guid:F081738345C7B9AFE21AD2A9A69D6C11 BaseClass: NativeClass:/Script/Engine.SkeletalMeshActor Name:SkeletalMeshActor_UAID_B00CD162E1E7692F02_1704929609 Label:Anim_Attack06 SpatiallyLoaded:1 Bounds:IsValid=true, Min=(X=1268.396 Y=598.161 Z=0.124), Max=(X=1337.972 Y=711.461 Z=158.723) RuntimeGrid:None EditorOnly:0 RuntimeOnly:0 HLODRelevant:0
 |   |   |- Guid:F18CD2654A4F7B8113D85CB42591019F BaseClass: NativeClass:/Script/Engine.SkeletalMeshActor Name:SkeletalMeshActor_UAID_B00CD162E1E7692F02_1861297647 Label:Anim_ChargeAttack01 SpatiallyLoaded:1 Bounds:IsValid=true, Min=(X=1257.347 Y=6790.684 Z=0.149), Max=(X=1326.580 Y=6904.261 Z=158.780) RuntimeGrid:None EditorOnly:0 RuntimeOnly:0 HLODRelevant:0
 |   |   |- Guid:F1924B8D48954B30891B2DB6A694F9CC BaseClass: NativeClass:/Script/Engine.StaticMeshActor Name:StaticMeshActor_1 Label:SM_Cube SpatiallyLoaded:1 Bounds:IsValid=true, Min=(X=0.000 Y=0.000 Z=-50.000), Max=(X=10000.000 Y=10000.000 Z=0.000) RuntimeGrid:None EditorOnly:0 RuntimeOnly:0 HLODRelevant:1 FolderPath:Playground FolderGuid:C73F09FC4215536B1DCE2A9E0A830C70
 |   |   |- Guid:F20639384978302D9708BB872B59E092 BaseClass: NativeClass:/Script/Engine.SkeletalMeshActor Name:SkeletalMeshActor_UAID_B00CD162E1E7692F02_1793898632 Label:Anim_Attack17 SpatiallyLoaded:1 Bounds:IsValid=true, Min=(X=864.345 Y=4084.688 Z=0.158), Max=(X=933.580 Y=4198.261 Z=158.780) RuntimeGrid:None EditorOnly:0 RuntimeOnly:0 HLODRelevant:0
 |   |   |- Guid:F5E3FEB3450C49844FD93DA8E083C8AD BaseClass: NativeClass:/Script/Engine.PostProcessVolume Name:PostProcessVolume_0 Label:PostProcessVolume SpatiallyLoaded:0 Bounds:IsValid=true, Min=(X=0.000 Y=0.000 Z=400.000), Max=(X=200.000 Y=200.000 Z=600.000) RuntimeGrid:None EditorOnly:0 RuntimeOnly:0 HLODRelevant:0 FolderPath:Lighting FolderGuid:963EC3EB4002CCE9759E2EBA541A873A
 |   |   |- Guid:FB679ED343044958C5DA8BAC74BCB6B3 BaseClass: NativeClass:/Script/Engine.SkeletalMeshActor Name:SkeletalMeshActor_UAID_B00CD162E1E7692F02_1791385631 Label:Anim_Attack15 SpatiallyLoaded:1 Bounds:IsValid=true, Min=(X=478.345 Y=4090.684 Z=0.150), Max=(X=547.580 Y=4204.261 Z=158.781) RuntimeGrid:None EditorOnly:0 RuntimeOnly:0 HLODRelevant:0
 |   |   |- Guid:FEFD88674FE23047600633937604C594 BaseClass: NativeClass:/Script/Engine.SkeletalMeshActor Name:SkeletalMeshActor_UAID_B00CD162E1E7692F02_1708138610 Label:Anim_Attack08 SpatiallyLoaded:1 Bounds:IsValid=true, Min=(X=1676.396 Y=616.172 Z=0.128), Max=(X=1745.975 Y=729.475 Z=158.725) RuntimeGrid:None EditorOnly:0 RuntimeOnly:0 HLODRelevant:0
 |   |   |- Guid:FF3AAA4F4671D45F8B324B8D19640C8D BaseClass: NativeClass:/Script/Engine.SkeletalMeshActor Name:SkeletalMeshActor_UAID_B00CD162E1E7692F02_1968993664 Label:Anim_FlyingDashRight02 SpatiallyLoaded:1 Bounds:IsValid=true, Min=(X=2380.346 Y=8846.654 Z=10.884), Max=(X=2427.186 Y=8940.676 Z=186.128) RuntimeGrid:None EditorOnly:0 RuntimeOnly:0 HLODRelevant:0
 |   |- [+] Clusters:
 |   |   |- [+] [  0]
 |   |   |   |- Guid:F1924B8D48954B30891B2DB6A694F9CC BaseClass: NativeClass:/Script/Engine.StaticMeshActor Name:StaticMeshActor_1 Label:SM_Cube SpatiallyLoaded:1 Bounds:IsValid=true, Min=(X=0.000 Y=0.000 Z=-50.000), Max=(X=10000.000 Y=10000.000 Z=0.000) RuntimeGrid:None EditorOnly:0 RuntimeOnly:0 HLODRelevant:1 FolderPath:Playground FolderGuid:C73F09FC4215536B1DCE2A9E0A830C70
 |   |   |- [+] [  1]
 |   |   |   |- Guid:F5E3FEB3450C49844FD93DA8E083C8AD BaseClass: NativeClass:/Script/Engine.PostProcessVolume Name:PostProcessVolume_0 Label:PostProcessVolume SpatiallyLoaded:0 Bounds:IsValid=true, Min=(X=0.000 Y=0.000 Z=400.000), Max=(X=200.000 Y=200.000 Z=600.000) RuntimeGrid:None EditorOnly:0 RuntimeOnly:0 HLODRelevant:0 FolderPath:Lighting FolderGuid:963EC3EB4002CCE9759E2EBA541A873A
 |   |   |- [+] [  2]
 |   |   |   |- Guid:CCFF262C46EEFFDF319E7F9539CE697E BaseClass: NativeClass:/Script/Engine.SkyAtmosphere Name:SkyAtmosphere_0 Label:SkyAtmosphere SpatiallyLoaded:0 Bounds:IsValid=true, Min=(X=0.000 Y=0.000 Z=1020.000), Max=(X=0.000 Y=0.000 Z=1020.000) RuntimeGrid:None EditorOnly:0 RuntimeOnly:0 HLODRelevant:0 FolderPath:Lighting FolderGuid:963EC3EB4002CCE9759E2EBA541A873A
 |   |   |- [+] [  3]
 |   |   |   |- Guid:B785ED2844B84CFB91E7F39FE661CD99 BaseClass: NativeClass:/Script/Engine.DirectionalLight Name:DirectionalLight_0 Label:DirectionalLight SpatiallyLoaded:0 Bounds:IsValid=true, Min=(X=-4398046511104.000 Y=-4398046511104.000 Z=-4398046511104.000), Max=(X=4398046511104.000 Y=4398046511104.000 Z=4398046511104.000) RuntimeGrid:None EditorOnly:0 RuntimeOnly:0 HLODRelevant:0 FolderPath:Lighting FolderGuid:963EC3EB4002CCE9759E2EBA541A873A
 |   |   |- [+] [  4]
 |   |   |   |- Guid:2FB58999456391D349DC0F86DAC136ED BaseClass: NativeClass:/Script/Engine.SkyLight Name:SkyLight_1 Label:SkyLight SpatiallyLoaded:0 Bounds:IsValid=true, Min=(X=0.000 Y=0.000 Z=690.000), Max=(X=0.000 Y=0.000 Z=690.000) RuntimeGrid:None EditorOnly:0 RuntimeOnly:0 HLODRelevant:0 FolderPath:Lighting FolderGuid:963EC3EB4002CCE9759E2EBA541A873A
 |   |   |- [+] [  5]
 |   |   |   |- Guid:6BAF4DDD444C60371492D3919DB42C97 BaseClass: NativeClass:/Script/Engine.WorldDataLayers Name:WorldDataLayers Label:WorldDataLayers SpatiallyLoaded:0 Bounds:IsValid=true, Min=(X=0.000 Y=0.000 Z=0.000), Max=(X=0.000 Y=0.000 Z=0.000) RuntimeGrid:None EditorOnly:0 RuntimeOnly:0 HLODRelevant:0
 |   |   |- [+] [  6]
 |   |   |   |- Guid:EC4E0C944CE6AC6E784BC6BB2916EA13 BaseClass: NativeClass:/Script/Engine.StaticMeshActor Name:StaticMeshActor_UAID_A4AE111137DC5EFB00_1110535423 Label:SM_SkySphere SpatiallyLoaded:0 Bounds:IsValid=true, Min=(X=-1638400.000 Y=-1638400.000 Z=-1638400.000), Max=(X=1638400.000 Y=1638400.000 Z=1638400.000) RuntimeGrid:None EditorOnly:0 RuntimeOnly:0 HLODRelevant:1 FolderPath:Lighting FolderGuid:963EC3EB4002CCE9759E2EBA541A873A
 |   |   |- [+] [  7]
 |   |   |   |- Guid:316CF2A6494ACA4C0E4180A87D36AB8F BaseClass: NativeClass:/Script/Engine.ExponentialHeightFog Name:ExponentialHeightFog_0 Label:ExponentialHeightFog SpatiallyLoaded:0 Bounds:IsValid=true, Min=(X=-5600.000 Y=-50.000 Z=-6850.000), Max=(X=-5600.000 Y=-50.000 Z=-6850.000) RuntimeGrid:None EditorOnly:0 RuntimeOnly:0 HLODRelevant:0 FolderPath:Lighting FolderGuid:963EC3EB4002CCE9759E2EBA541A873A
 |   |   |- [+] [  8]
 |   |   |   |- Guid:3A00AA1C422CE54C0BDB60BAF471BFBB BaseClass: NativeClass:/Script/Engine.PlayerStart Name:PlayerStart_0 Label:PlayerStart SpatiallyLoaded:0 Bounds:IsValid=true, Min=(X=860.000 Y=1070.000 Z=0.013), Max=(X=940.000 Y=1150.000 Z=184.013) RuntimeGrid:None EditorOnly:0 RuntimeOnly:0 HLODRelevant:0
 |   |   |- [+] [  9]
 |   |   |   |- Guid:5B97F4A64FB21F77EFC44386BF705B4C BaseClass: NativeClass:/Script/Engine.TextRenderActor Name:TextRenderActor_1 Label:TextRenderActor SpatiallyLoaded:1 Bounds:IsValid=true, Min=(X=-0.100 Y=1100.000 Z=65.013), Max=(X=-0.100 Y=2392.308 Z=215.013) RuntimeGrid:None EditorOnly:0 RuntimeOnly:0 HLODRelevant:0
 |   |   |- [+] [ 10]
 |   |   |   |- Guid:4D3BE93F4146AAAC8BBE79999D96D57F BaseClass: NativeClass:/Script/Engine.VolumetricCloud Name:VolumetricCloud_0 Label:VolumetricCloud SpatiallyLoaded:0 Bounds:IsValid=true, Min=(X=0.000 Y=0.000 Z=820.000), Max=(X=0.000 Y=0.000 Z=820.000) RuntimeGrid:None EditorOnly:0 RuntimeOnly:0 HLODRelevant:0 FolderPath:Lighting FolderGuid:963EC3EB4002CCE9759E2EBA541A873A
 |   |   |- [+] [ 11]
 |   |   |   |- Guid:4D4F87E44A215831DCA92CB93EE59638 BaseClass: NativeClass:/Script/Engine.SkeletalMeshActor Name:SkeletalMeshActor_UAID_B00CD162E1E7692F02_1698560607 Label:Anim_Attack02 SpatiallyLoaded:1 Bounds:IsValid=true, Min=(X=471.396 Y=590.180 Z=0.123), Max=(X=540.972 Y=703.482 Z=158.723) RuntimeGrid:None EditorOnly:0 RuntimeOnly:0 HLODRelevant:0
 |   |   |- [+] [ 12]
 |   |   |   |- Guid:AE57CE6C40EEDB2A2E6002A85B03CB82 BaseClass: NativeClass:/Script/Engine.SkeletalMeshActor Name:SkeletalMeshActor_UAID_B00CD162E1E7692F02_1701241608 Label:Anim_Attack04 SpatiallyLoaded:1 Bounds:IsValid=true, Min=(X=863.396 Y=608.180 Z=0.122), Max=(X=932.972 Y=721.483 Z=158.723) RuntimeGrid:None EditorOnly:0 RuntimeOnly:0 HLODRelevant:0
 |   |   |- [+] [ 13]
 |   |   |   |- Guid:F081738345C7B9AFE21AD2A9A69D6C11 BaseClass: NativeClass:/Script/Engine.SkeletalMeshActor Name:SkeletalMeshActor_UAID_B00CD162E1E7692F02_1704929609 Label:Anim_Attack06 SpatiallyLoaded:1 Bounds:IsValid=true, Min=(X=1268.396 Y=598.161 Z=0.124), Max=(X=1337.972 Y=711.461 Z=158.723) RuntimeGrid:None EditorOnly:0 RuntimeOnly:0 HLODRelevant:0
 |   |   |- [+] [ 14]
 |   |   |   |- Guid:FEFD88674FE23047600633937604C594 BaseClass: NativeClass:/Script/Engine.SkeletalMeshActor Name:SkeletalMeshActor_UAID_B00CD162E1E7692F02_1708138610 Label:Anim_Attack08 SpatiallyLoaded:1 Bounds:IsValid=true, Min=(X=1676.396 Y=616.172 Z=0.128), Max=(X=1745.975 Y=729.475 Z=158.725) RuntimeGrid:None EditorOnly:0 RuntimeOnly:0 HLODRelevant:0
 |   |   |- [+] [ 15]
 |   |   |   |- Guid:DDF3229A4F57D191FBD4B4952BF1971F BaseClass: NativeClass:/Script/Engine.SkeletalMeshActor Name:SkeletalMeshActor_UAID_B00CD162E1E7692F02_1712236611 Label:Anim_Attack10 SpatiallyLoaded:1 Bounds:IsValid=true, Min=(X=484.396 Y=1300.174 Z=0.126), Max=(X=553.978 Y=1413.478 Z=158.724) RuntimeGrid:None EditorOnly:0 RuntimeOnly:0 HLODRelevant:0
 |   |   |- [+] [ 16]
 |   |   |   |- Guid:027D8CA14F154C22AB76C0A4F2B1E8EB BaseClass: NativeClass:/Script/Engine.SkeletalMeshActor Name:SkeletalMeshActor_UAID_B00CD162E1E7692F02_1714459612 Label:Anim_Attack12 SpatiallyLoaded:1 Bounds:IsValid=true, Min=(X=876.396 Y=1299.175 Z=0.129), Max=(X=945.974 Y=1412.475 Z=158.725) RuntimeGrid:None EditorOnly:0 RuntimeOnly:0 HLODRelevant:0
 |   |   |- [+] [ 17]
 |   |   |   |- Guid:7FAA4C964A32515BA109D5881342060F BaseClass: NativeClass:/Script/Engine.SkeletalMeshActor Name:SkeletalMeshActor_UAID_B00CD162E1E7692F02_1716813613 Label:Anim_Attack14 SpatiallyLoaded:1 Bounds:IsValid=true, Min=(X=1261.397 Y=1302.174 Z=0.126), Max=(X=1330.977 Y=1415.474 Z=158.724) RuntimeGrid:None EditorOnly:0 RuntimeOnly:0 HLODRelevant:0
 |   |   |- [+] [ 18]
 |   |   |   |- Guid:5A08100A4ACC06F0F70997AA27D5B2D2 BaseClass: NativeClass:/Script/Engine.SkeletalMeshActor Name:SkeletalMeshActor_UAID_B00CD162E1E7692F02_1719765614 Label:Anim_Attack16 SpatiallyLoaded:1 Bounds:IsValid=true, Min=(X=1670.406 Y=1294.101 Z=0.127), Max=(X=1739.968 Y=1407.436 Z=158.721) RuntimeGrid:None EditorOnly:0 RuntimeOnly:0 HLODRelevant:0
 |   |   |- [+] [ 19]
 |   |   |   |- Guid:D3FCC35544CFFD0157011AA44F55CD4D BaseClass: NativeClass:/Script/Engine.SkeletalMeshActor Name:SkeletalMeshActor_UAID_B00CD162E1E7692F02_1723911615 Label:Anim_Attack18 SpatiallyLoaded:1 Bounds:IsValid=true, Min=(X=493.406 Y=1889.096 Z=0.131), Max=(X=562.967 Y=2002.432 Z=158.724) RuntimeGrid:None EditorOnly:0 RuntimeOnly:0 HLODRelevant:0
 |   |   |- [+] [ 20]
 |   |   |   |- Guid:81A1BAE04EEAC642664E068CB2752F1A BaseClass: NativeClass:/Script/Engine.SkeletalMeshActor Name:SkeletalMeshActor_UAID_B00CD162E1E7692F02_1726887616 Label:Anim_Attack20 SpatiallyLoaded:1 Bounds:IsValid=true, Min=(X=870.396 Y=1887.172 Z=0.128), Max=(X=939.973 Y=2000.475 Z=158.725) RuntimeGrid:None EditorOnly:0 RuntimeOnly:0 HLODRelevant:0
 |   |   |- [+] [ 21]
 |   |   |   |- Guid:D85D155042D57769EAB2239A43BFDFBB BaseClass: NativeClass:/Script/Engine.SkeletalMeshActor Name:SkeletalMeshActor_UAID_B00CD162E1E7692F02_1729325617 Label:Anim_Attack22 SpatiallyLoaded:1 Bounds:IsValid=true, Min=(X=1257.396 Y=1888.172 Z=0.128), Max=(X=1326.973 Y=2001.475 Z=158.725) RuntimeGrid:None EditorOnly:0 RuntimeOnly:0 HLODRelevant:0
 |   |   |- [+] [ 22]
 |   |   |   |- Guid:11F343654CECCF1E8ADE76A1A2028E43 BaseClass: NativeClass:/Script/Engine.SkeletalMeshActor Name:SkeletalMeshActor_UAID_B00CD162E1E7692F02_1732121618 Label:Anim_Attack24 SpatiallyLoaded:1 Bounds:IsValid=true, Min=(X=1671.396 Y=1887.166 Z=0.124), Max=(X=1740.969 Y=2000.467 Z=158.722) RuntimeGrid:None EditorOnly:0 RuntimeOnly:0 HLODRelevant:0
 |   |   |- [+] [ 23]
 |   |   |   |- Guid:07201D404250B730C75FFCA8F89AEFCD BaseClass: NativeClass:/Script/Engine.SkeletalMeshActor Name:SkeletalMeshActor_UAID_B00CD162E1E7692F02_1736938619 Label:Anim_Attack26 SpatiallyLoaded:1 Bounds:IsValid=true, Min=(X=483.396 Y=2394.180 Z=0.124), Max=(X=552.970 Y=2507.483 Z=158.723) RuntimeGrid:None EditorOnly:0 RuntimeOnly:0 HLODRelevant:0
 |   |   |- [+] [ 24]
 |   |   |   |- Guid:805ED2AC45067E65298679891DE142C6 BaseClass: NativeClass:/Script/Engine.SkeletalMeshActor Name:SkeletalMeshActor_UAID_B00CD162E1E7692F02_1739187620 Label:Anim_Attack28 SpatiallyLoaded:1 Bounds:IsValid=true, Min=(X=863.396 Y=2391.180 Z=0.123), Max=(X=932.966 Y=2504.473 Z=158.721) RuntimeGrid:None EditorOnly:0 RuntimeOnly:0 HLODRelevant:0
 |   |   |- [+] [ 25]
 |   |   |   |- Guid:DD6060E84E9512964216DC82A5089E58 BaseClass: NativeClass:/Script/Engine.SkeletalMeshActor Name:SkeletalMeshActor_UAID_B00CD162E1E7692F02_1743297621 Label:Anim_Attack30 SpatiallyLoaded:1 Bounds:IsValid=true, Min=(X=1262.396 Y=2395.180 Z=0.123), Max=(X=1331.970 Y=2508.483 Z=158.722) RuntimeGrid:None EditorOnly:0 RuntimeOnly:0 HLODRelevant:0
 |   |   |- [+] [ 26]
 |   |   |   |- Guid:298C07174E72372AB10E329AF357C02B BaseClass: NativeClass:/Script/Engine.SkeletalMeshActor Name:SkeletalMeshActor_UAID_B00CD162E1E7692F02_1746432622 Label:Anim_Attack32 SpatiallyLoaded:1 Bounds:IsValid=true, Min=(X=1673.397 Y=2392.167 Z=0.129), Max=(X=1742.979 Y=2505.470 Z=158.725) RuntimeGrid:None EditorOnly:0 RuntimeOnly:0 HLODRelevant:0
 |   |   |- [+] [ 27]
 |   |   |   |- Guid:BC7C9B9F48EA7A07B1CA1DB6C8D44D09 BaseClass: NativeClass:/Script/Engine.SkeletalMeshActor Name:SkeletalMeshActor_UAID_B00CD162E1E7692F02_1750834623 Label:Anim_Attack34 SpatiallyLoaded:1 Bounds:IsValid=true, Min=(X=473.396 Y=2902.180 Z=0.124), Max=(X=542.973 Y=3015.481 Z=158.722) RuntimeGrid:None EditorOnly:0 RuntimeOnly:0 HLODRelevant:0
 |   |   |- [+] [ 28]
 |   |   |   |- Guid:2F90379C43CCD6EB1418AE9A20526309 BaseClass: NativeClass:/Script/Engine.SkeletalMeshActor Name:SkeletalMeshActor_UAID_B00CD162E1E7692F02_1762536624 Label:Anim_Attack01 SpatiallyLoaded:1 Bounds:IsValid=true, Min=(X=862.343 Y=2894.684 Z=0.149), Max=(X=931.580 Y=3008.261 Z=158.781) RuntimeGrid:None EditorOnly:0 RuntimeOnly:0 HLODRelevant:0
 |   |   |- [+] [ 29]
 |   |   |   |- Guid:E5C3DCEB46DB9D0FE97461ABB23DDB65 BaseClass: NativeClass:/Script/Engine.SkeletalMeshActor Name:SkeletalMeshActor_UAID_B00CD162E1E7692F02_1766221625 Label:Anim_Attack03 SpatiallyLoaded:1 Bounds:IsValid=true, Min=(X=1260.343 Y=2888.684 Z=0.150), Max=(X=1329.580 Y=3002.261 Z=158.781) RuntimeGrid:None EditorOnly:0 RuntimeOnly:0 HLODRelevant:0
 |   |   |- [+] [ 30]
 |   |   |   |- Guid:B09CC49D48AD06B17EEC25A73AEC45C4 BaseClass: NativeClass:/Script/Engine.SkeletalMeshActor Name:SkeletalMeshActor_UAID_B00CD162E1E7692F02_1769738626 Label:Anim_Attack05 SpatiallyLoaded:1 Bounds:IsValid=true, Min=(X=1667.343 Y=2892.664 Z=0.149), Max=(X=1736.580 Y=3006.241 Z=158.781) RuntimeGrid:None EditorOnly:0 RuntimeOnly:0 HLODRelevant:0
 |   |   |- [+] [ 31]
 |   |   |   |- Guid:4102ED6F4264603545AE479622816ED1 BaseClass: NativeClass:/Script/Engine.SkeletalMeshActor Name:SkeletalMeshActor_UAID_B00CD162E1E7692F02_1775828627 Label:Anim_Attack07 SpatiallyLoaded:1 Bounds:IsValid=true, Min=(X=471.343 Y=3491.684 Z=0.149), Max=(X=540.580 Y=3605.261 Z=158.781) RuntimeGrid:None EditorOnly:0 RuntimeOnly:0 HLODRelevant:0
 |   |   |- [+] [ 32]
 |   |   |   |- Guid:15AB4C2748156E275060468D279D5444 BaseClass: NativeClass:/Script/Engine.SkeletalMeshActor Name:SkeletalMeshActor_UAID_B00CD162E1E7692F02_1777923628 Label:Anim_Attack09 SpatiallyLoaded:1 Bounds:IsValid=true, Min=(X=868.343 Y=3497.688 Z=0.158), Max=(X=937.580 Y=3611.261 Z=158.781) RuntimeGrid:None EditorOnly:0 RuntimeOnly:0 HLODRelevant:0
 |   |   |- [+] [ 33]
 |   |   |   |- Guid:A866F51A4430BC3D6AEFFFA5D1DB4084 BaseClass: NativeClass:/Script/Engine.SkeletalMeshActor Name:SkeletalMeshActor_UAID_B00CD162E1E7692F02_1780852629 Label:Anim_Attack11 SpatiallyLoaded:1 Bounds:IsValid=true, Min=(X=1260.345 Y=3495.688 Z=0.158), Max=(X=1329.580 Y=3609.261 Z=158.781) RuntimeGrid:None EditorOnly:0 RuntimeOnly:0 HLODRelevant:0
 |   |   |- [+] [ 34]
 |   |   |   |- Guid:B15C560C4CF9335A39F4C287FDB57E4A BaseClass: NativeClass:/Script/Engine.SkeletalMeshActor Name:SkeletalMeshActor_UAID_B00CD162E1E7692F02_1783513630 Label:Anim_Attack13 SpatiallyLoaded:1 Bounds:IsValid=true, Min=(X=1659.346 Y=3494.684 Z=0.149), Max=(X=1728.580 Y=3608.261 Z=158.781) RuntimeGrid:None EditorOnly:0 RuntimeOnly:0 HLODRelevant:0
 |   |   |- [+] [ 35]
 |   |   |   |- Guid:FB679ED343044958C5DA8BAC74BCB6B3 BaseClass: NativeClass:/Script/Engine.SkeletalMeshActor Name:SkeletalMeshActor_UAID_B00CD162E1E7692F02_1791385631 Label:Anim_Attack15 SpatiallyLoaded:1 Bounds:IsValid=true, Min=(X=478.345 Y=4090.684 Z=0.150), Max=(X=547.580 Y=4204.261 Z=158.781) RuntimeGrid:None EditorOnly:0 RuntimeOnly:0 HLODRelevant:0
 |   |   |- [+] [ 36]
 |   |   |   |- Guid:F20639384978302D9708BB872B59E092 BaseClass: NativeClass:/Script/Engine.SkeletalMeshActor Name:SkeletalMeshActor_UAID_B00CD162E1E7692F02_1793898632 Label:Anim_Attack17 SpatiallyLoaded:1 Bounds:IsValid=true, Min=(X=864.345 Y=4084.688 Z=0.158), Max=(X=933.580 Y=4198.261 Z=158.780) RuntimeGrid:None EditorOnly:0 RuntimeOnly:0 HLODRelevant:0
 |   |   |- [+] [ 37]
 |   |   |   |- Guid:6C8B3D8446E8C3F270CC5D978BCA690B BaseClass: NativeClass:/Script/Engine.SkeletalMeshActor Name:SkeletalMeshActor_UAID_B00CD162E1E7692F02_1796052633 Label:Anim_Attack19 SpatiallyLoaded:1 Bounds:IsValid=true, Min=(X=1258.345 Y=4092.689 Z=0.157), Max=(X=1327.580 Y=4206.262 Z=158.780) RuntimeGrid:None EditorOnly:0 RuntimeOnly:0 HLODRelevant:0
 |   |   |- [+] [ 38]
 |   |   |   |- Guid:1A5E2A3B47C1296D214FE8BBD1F46245 BaseClass: NativeClass:/Script/Engine.SkeletalMeshActor Name:SkeletalMeshActor_UAID_B00CD162E1E7692F02_1797883634 Label:Anim_Attack21 SpatiallyLoaded:1 Bounds:IsValid=true, Min=(X=1659.345 Y=4095.689 Z=0.156), Max=(X=1728.580 Y=4209.262 Z=158.780) RuntimeGrid:None EditorOnly:0 RuntimeOnly:0 HLODRelevant:0
 |   |   |- [+] [ 39]
 |   |   |   |- Guid:3256350040CF950BC4C542AF6D41B50A BaseClass: NativeClass:/Script/Engine.SkeletalMeshActor Name:SkeletalMeshActor_UAID_B00CD162E1E7692F02_1803323635 Label:Anim_Attack23 SpatiallyLoaded:1 Bounds:IsValid=true, Min=(X=471.343 Y=4694.688 Z=0.158), Max=(X=540.580 Y=4808.261 Z=158.781) RuntimeGrid:None EditorOnly:0 RuntimeOnly:0 HLODRelevant:0
 |   |   |- [+] [ 40]
 |   |   |   |- Guid:DE9078424FD5A0551D9DF18BF920E836 BaseClass: NativeClass:/Script/Engine.SkeletalMeshActor Name:SkeletalMeshActor_UAID_B00CD162E1E7692F02_1809093636 Label:Anim_Attack25 SpatiallyLoaded:1 Bounds:IsValid=true, Min=(X=871.343 Y=4691.684 Z=0.149), Max=(X=940.580 Y=4805.261 Z=158.781) RuntimeGrid:None EditorOnly:0 RuntimeOnly:0 HLODRelevant:0
 |   |   |- [+] [ 41]
 |   |   |   |- Guid:72405E674F1EAD0CD9BBCB8CC48D4BE0 BaseClass: NativeClass:/Script/Engine.SkeletalMeshActor Name:SkeletalMeshActor_UAID_B00CD162E1E7692F02_1811518637 Label:Anim_Attack27 SpatiallyLoaded:1 Bounds:IsValid=true, Min=(X=1258.344 Y=4697.674 Z=0.149), Max=(X=1327.578 Y=4811.250 Z=158.781) RuntimeGrid:None EditorOnly:0 RuntimeOnly:0 HLODRelevant:0
 |   |   |- [+] [ 42]
 |   |   |   |- Guid:5E5B2C72482720EF2F1D5BBF4FC88C1D BaseClass: NativeClass:/Script/Engine.SkeletalMeshActor Name:SkeletalMeshActor_UAID_B00CD162E1E7692F02_1813437638 Label:Anim_Attack29 SpatiallyLoaded:1 Bounds:IsValid=true, Min=(X=1650.342 Y=4688.675 Z=0.149), Max=(X=1719.577 Y=4802.251 Z=158.781) RuntimeGrid:None EditorOnly:0 RuntimeOnly:0 HLODRelevant:0
 |   |   |- [+] [ 43]
 |   |   |   |- Guid:5BAF865745B4B0E09F49758C1F9DDAD2 BaseClass: NativeClass:/Script/Engine.SkeletalMeshActor Name:SkeletalMeshActor_UAID_B00CD162E1E7692F02_1817506639 Label:Anim_Attack31 SpatiallyLoaded:1 Bounds:IsValid=true, Min=(X=476.345 Y=5200.689 Z=0.157), Max=(X=545.580 Y=5314.262 Z=158.780) RuntimeGrid:None EditorOnly:0 RuntimeOnly:0 HLODRelevant:0
 |   |   |- [+] [ 44]
 |   |   |   |- Guid:DEC58A9C488F62A29D31E096C400EB36 BaseClass: NativeClass:/Script/Engine.SkeletalMeshActor Name:SkeletalMeshActor_UAID_B00CD162E1E7692F02_1819358640 Label:Anim_Attack33 SpatiallyLoaded:1 Bounds:IsValid=true, Min=(X=869.345 Y=5208.684 Z=0.149), Max=(X=938.580 Y=5322.261 Z=158.781) RuntimeGrid:None EditorOnly:0 RuntimeOnly:0 HLODRelevant:0
 |   |   |- [+] [ 45]
 |   |   |   |- Guid:114740164AD441676E3A0BB6DB72D8CA BaseClass: NativeClass:/Script/Engine.SkeletalMeshActor Name:SkeletalMeshActor_UAID_B00CD162E1E7692F02_1839705641 Label:Anim_ChargeAttack02 SpatiallyLoaded:1 Bounds:IsValid=true, Min=(X=484.396 Y=6203.180 Z=0.122), Max=(X=553.954 Y=6316.483 Z=158.722) RuntimeGrid:None EditorOnly:0 RuntimeOnly:0 HLODRelevant:0
 |   |   |- [+] [ 46]
 |   |   |   |- Guid:042A7D1147061395DEE8FEA3C57315E1 BaseClass: NativeClass:/Script/Engine.SkeletalMeshActor Name:SkeletalMeshActor_UAID_B00CD162E1E7692F02_1842423642 Label:Anim_ChargeAttack04 SpatiallyLoaded:1 Bounds:IsValid=true, Min=(X=870.396 Y=6198.180 Z=0.122), Max=(X=939.973 Y=6311.483 Z=158.722) RuntimeGrid:None EditorOnly:0 RuntimeOnly:0 HLODRelevant:0
 |   |   |- [+] [ 47]
 |   |   |   |- Guid:36C3F7D44CE588374C57558A9DADF5D9 BaseClass: NativeClass:/Script/Engine.SkeletalMeshActor Name:SkeletalMeshActor_UAID_B00CD162E1E7692F02_1847034643 Label:Anim_ChargeAttack06 SpatiallyLoaded:1 Bounds:IsValid=true, Min=(X=1282.396 Y=6208.175 Z=0.124), Max=(X=1351.967 Y=6321.477 Z=158.722) RuntimeGrid:None EditorOnly:0 RuntimeOnly:0 HLODRelevant:0
 |   |   |- [+] [ 48]
 |   |   |   |- Guid:1DF4225F4097D6C177359281A43F6559 BaseClass: NativeClass:/Script/Engine.SkeletalMeshActor Name:SkeletalMeshActor_UAID_B00CD162E1E7692F02_1849581644 Label:Anim_ChargeAttack08 SpatiallyLoaded:1 Bounds:IsValid=true, Min=(X=1671.346 Y=6221.654 Z=10.889), Max=(X=1718.186 Y=6315.673 Z=186.128) RuntimeGrid:None EditorOnly:0 RuntimeOnly:0 HLODRelevant:0
 |   |   |- [+] [ 49]
 |   |   |   |- Guid:56CB34C6493FC2201303C78BA77234A6 BaseClass: NativeClass:/Script/Engine.SkeletalMeshActor Name:SkeletalMeshActor_UAID_B00CD162E1E7692F02_1854617645 Label:Anim_ChargeAttack10 SpatiallyLoaded:1 Bounds:IsValid=true, Min=(X=494.346 Y=6825.650 Z=10.888), Max=(X=541.184 Y=6919.676 Z=186.127) RuntimeGrid:None EditorOnly:0 RuntimeOnly:0 HLODRelevant:0
 |   |   |- [+] [ 50]
 |   |   |   |- Guid:9AF4B646446404764541068D33649CCC BaseClass: NativeClass:/Script/Engine.SkeletalMeshActor Name:SkeletalMeshActor_UAID_B00CD162E1E7692F02_1856763646 Label:Anim_ChargeAttack12 SpatiallyLoaded:1 Bounds:IsValid=true, Min=(X=873.346 Y=6816.654 Z=10.889), Max=(X=920.186 Y=6910.681 Z=186.128) RuntimeGrid:None EditorOnly:0 RuntimeOnly:0 HLODRelevant:0
 |   |   |- [+] [ 51]
 |   |   |   |- Guid:F18CD2654A4F7B8113D85CB42591019F BaseClass: NativeClass:/Script/Engine.SkeletalMeshActor Name:SkeletalMeshActor_UAID_B00CD162E1E7692F02_1861297647 Label:Anim_ChargeAttack01 SpatiallyLoaded:1 Bounds:IsValid=true, Min=(X=1257.347 Y=6790.684 Z=0.149), Max=(X=1326.580 Y=6904.261 Z=158.780) RuntimeGrid:None EditorOnly:0 RuntimeOnly:0 HLODRelevant:0
 |   |   |- [+] [ 52]
 |   |   |   |- Guid:CB4EE2DB4734EF7AED603C8EBAEF266C BaseClass: NativeClass:/Script/Engine.SkeletalMeshActor Name:SkeletalMeshActor_UAID_B00CD162E1E7692F02_1864336648 Label:Anim_ChargeAttack03 SpatiallyLoaded:1 Bounds:IsValid=true, Min=(X=1665.345 Y=6792.684 Z=0.149), Max=(X=1734.580 Y=6906.261 Z=158.781) RuntimeGrid:None EditorOnly:0 RuntimeOnly:0 HLODRelevant:0
 |   |   |- [+] [ 53]
 |   |   |   |- Guid:3ABB561C44E645D640B563BB1C959997 BaseClass: NativeClass:/Script/Engine.SkeletalMeshActor Name:SkeletalMeshActor_UAID_B00CD162E1E7692F02_1868206649 Label:Anim_ChargeAttack05 SpatiallyLoaded:1 Bounds:IsValid=true, Min=(X=464.344 Y=7297.688 Z=0.158), Max=(X=533.580 Y=7411.261 Z=158.781) RuntimeGrid:None EditorOnly:0 RuntimeOnly:0 HLODRelevant:0
 |   |   |- [+] [ 54]
 |   |   |   |- Guid:9E8EB14B49CB75812C9AFA82AEBC74EC BaseClass: NativeClass:/Script/Engine.SkeletalMeshActor Name:SkeletalMeshActor_UAID_B00CD162E1E7692F02_1869990650 Label:Anim_ChargeAttack07 SpatiallyLoaded:1 Bounds:IsValid=true, Min=(X=871.140 Y=7324.661 Z=12.156), Max=(X=917.304 Y=7419.819 Z=186.150) RuntimeGrid:None EditorOnly:0 RuntimeOnly:0 HLODRelevant:0
 |   |   |- [+] [ 55]
 |   |   |   |- Guid:A71FDFE142B49104E45A5E87A20062F4 BaseClass: NativeClass:/Script/Engine.SkeletalMeshActor Name:SkeletalMeshActor_UAID_B00CD162E1E7692F02_1872562651 Label:Anim_ChargeAttack09 SpatiallyLoaded:1 Bounds:IsValid=true, Min=(X=1289.140 Y=7325.661 Z=12.155), Max=(X=1335.304 Y=7420.819 Z=186.150) RuntimeGrid:None EditorOnly:0 RuntimeOnly:0 HLODRelevant:0
 |   |   |- [+] [ 56]
 |   |   |   |- Guid:D556993C4D575A79BEB8E3917F24C984 BaseClass: NativeClass:/Script/Engine.SkeletalMeshActor Name:SkeletalMeshActor_UAID_B00CD162E1E7692F02_1875067652 Label:Anim_ChargeAttack11 SpatiallyLoaded:1 Bounds:IsValid=true, Min=(X=1664.140 Y=7318.662 Z=12.156), Max=(X=1710.304 Y=7413.823 Z=186.150) RuntimeGrid:None EditorOnly:0 RuntimeOnly:0 HLODRelevant:0
 |   |   |- [+] [ 57]
 |   |   |   |- Guid:D6B50EF746765C0FE09E8884B075A81B BaseClass: NativeClass:/Script/Engine.SkeletalMeshActor Name:SkeletalMeshActor_UAID_B00CD162E1E7692F02_1904278653 Label:Anim_DashBackward02 SpatiallyLoaded:1 Bounds:IsValid=true, Min=(X=977.396 Y=8589.180 Z=0.124), Max=(X=1046.973 Y=8702.483 Z=158.723) RuntimeGrid:None EditorOnly:0 RuntimeOnly:0 HLODRelevant:0
 |   |   |- [+] [ 58]
 |   |   |   |- Guid:EAF10E7C45775AF26B58CEA8997D48B3 BaseClass: NativeClass:/Script/Engine.SkeletalMeshActor Name:SkeletalMeshActor_UAID_B00CD162E1E7692F02_1908367654 Label:Anim_DashBackwardLeft02 SpatiallyLoaded:1 Bounds:IsValid=true, Min=(X=1164.221 Y=8635.376 Z=0.128), Max=(X=1270.562 Y=8714.680 Z=158.747) RuntimeGrid:None EditorOnly:0 RuntimeOnly:0 HLODRelevant:0
 |   |   |- [+] [ 59]
 |   |   |   |- Guid:B156E44248302AB9BB2373A41E9932DF BaseClass: NativeClass:/Script/Engine.SkeletalMeshActor Name:SkeletalMeshActor_UAID_B00CD162E1E7692F02_1911413655 Label:Anim_DashBackwardRight02 SpatiallyLoaded:1 Bounds:IsValid=true, Min=(X=756.254 Y=8607.592 Z=0.125), Max=(X=838.520 Y=8706.420 Z=158.611) RuntimeGrid:None EditorOnly:0 RuntimeOnly:0 HLODRelevant:0
 |   |   |- [+] [ 60]
 |   |   |   |- Guid:DC7DFC424030AC827B2A55A01622D0C8 BaseClass: NativeClass:/Script/Engine.SkeletalMeshActor Name:SkeletalMeshActor_UAID_B00CD162E1E7692F02_1916181656 Label:Anim_DashRight02 SpatiallyLoaded:1 Bounds:IsValid=true, Min=(X=768.396 Y=8804.180 Z=0.122), Max=(X=837.970 Y=8917.482 Z=158.723) RuntimeGrid:None EditorOnly:0 RuntimeOnly:0 HLODRelevant:0
 |   |   |- [+] [ 61]
 |   |   |   |- Guid:85BFE5674C633CE2641B5AA0401CDC70 BaseClass: NativeClass:/Script/Engine.SkeletalMeshActor Name:SkeletalMeshActor_UAID_B00CD162E1E7692F02_1919125657 Label:Anim_DashLeft02 SpatiallyLoaded:1 Bounds:IsValid=true, Min=(X=1176.396 Y=8813.180 Z=0.123), Max=(X=1245.970 Y=8926.483 Z=158.722) RuntimeGrid:None EditorOnly:0 RuntimeOnly:0 HLODRelevant:0
 |   |   |- [+] [ 62]
 |   |   |   |- Guid:154C7FE34CDD80C178DB5F98A1DE2B0A BaseClass: NativeClass:/Script/Engine.SkeletalMeshActor Name:SkeletalMeshActor_UAID_B00CD162E1E7692F02_1922773658 Label:Anim_DashForward02 SpatiallyLoaded:1 Bounds:IsValid=true, Min=(X=979.406 Y=9009.101 Z=0.126), Max=(X=1048.965 Y=9122.436 Z=158.721) RuntimeGrid:None EditorOnly:0 RuntimeOnly:0 HLODRelevant:0
 |   |   |- [+] [ 63]
 |   |   |   |- Guid:267A872D47A9478FDAACF0980FFB799C BaseClass: NativeClass:/Script/Engine.SkeletalMeshActor Name:SkeletalMeshActor_UAID_B00CD162E1E7692F02_1924673659 Label:Anim_DashForwardLeft02 SpatiallyLoaded:1 Bounds:IsValid=true, Min=(X=1171.863 Y=8999.874 Z=0.126), Max=(X=1252.636 Y=9100.557 Z=158.619) RuntimeGrid:None EditorOnly:0 RuntimeOnly:0 HLODRelevant:0
 |   |   |- [+] [ 64]
 |   |   |   |- Guid:2E9F3CA445159DAD8FD03C83B31B9E6A BaseClass: NativeClass:/Script/Engine.SkeletalMeshActor Name:SkeletalMeshActor_UAID_B00CD162E1E7692F02_1926554660 Label:Anim_DashForwardRight02 SpatiallyLoaded:1 Bounds:IsValid=true, Min=(X=760.958 Y=9032.415 Z=0.130), Max=(X=866.480 Y=9111.759 Z=158.746) RuntimeGrid:None EditorOnly:0 RuntimeOnly:0 HLODRelevant:0
 |   |   |- [+] [ 65]
 |   |   |   |- Guid:6E5A6E0147B37D7E86B0D3AD03498E14 BaseClass: NativeClass:/Script/Engine.SkeletalMeshActor Name:SkeletalMeshActor_UAID_B00CD162E1E7692F02_1955246661 Label:Anim_FlyingDashBackward02 SpatiallyLoaded:1 Bounds:IsValid=true, Min=(X=2582.359 Y=8645.617 Z=10.874), Max=(X=2629.180 Y=8739.672 Z=186.126) RuntimeGrid:None EditorOnly:0 RuntimeOnly:0 HLODRelevant:0
 |   |   |- [+] [ 66]
 |   |   |   |- Guid:E7A918BF457721953E292F997F731B0F BaseClass: NativeClass:/Script/Engine.SkeletalMeshActor Name:SkeletalMeshActor_UAID_B00CD162E1E7692F02_1960669662 Label:Anim_FlyingDashBackwardLeft02 SpatiallyLoaded:1 Bounds:IsValid=true, Min=(X=2764.877 Y=8641.530 Z=10.889), Max=(X=2850.705 Y=8714.821 Z=186.145) RuntimeGrid:None EditorOnly:0 RuntimeOnly:0 HLODRelevant:0
 |   |   |- [+] [ 67]
 |   |   |   |- Guid:C023D2F74674DC48F98141985B45F50D BaseClass: NativeClass:/Script/Engine.SkeletalMeshActor Name:SkeletalMeshActor_UAID_B00CD162E1E7692F02_1965043663 Label:Anim_FlyingDashBackwardRight02 SpatiallyLoaded:1 Bounds:IsValid=true, Min=(X=2357.318 Y=8651.549 Z=10.883), Max=(X=2438.221 Y=8734.460 Z=186.092) RuntimeGrid:None EditorOnly:0 RuntimeOnly:0 HLODRelevant:0
 |   |   |- [+] [ 68]
 |   |   |   |- Guid:FF3AAA4F4671D45F8B324B8D19640C8D BaseClass: NativeClass:/Script/Engine.SkeletalMeshActor Name:SkeletalMeshActor_UAID_B00CD162E1E7692F02_1968993664 Label:Anim_FlyingDashRight02 SpatiallyLoaded:1 Bounds:IsValid=true, Min=(X=2380.346 Y=8846.654 Z=10.884), Max=(X=2427.186 Y=8940.676 Z=186.128) RuntimeGrid:None EditorOnly:0 RuntimeOnly:0 HLODRelevant:0
 |   |   |- [+] [ 69]
 |   |   |   |- Guid:3EA238564B9014E29C3A3596DCA18A32 BaseClass: NativeClass:/Script/Engine.SkeletalMeshActor Name:SkeletalMeshActor_UAID_B00CD162E1E7692F02_1972131665 Label:Anim_FlyingDashLeft02 SpatiallyLoaded:1 Bounds:IsValid=true, Min=(X=2785.346 Y=8829.654 Z=10.889), Max=(X=2832.186 Y=8923.674 Z=186.127) RuntimeGrid:None EditorOnly:0 RuntimeOnly:0 HLODRelevant:0
 |   |   |- [+] [ 70]
 |   |   |   |- Guid:CD2311774C23FE759AC02DA2746A004B BaseClass: NativeClass:/Script/Engine.SkeletalMeshActor Name:SkeletalMeshActor_UAID_B00CD162E1E7692F02_1975671666 Label:Anim_FlyingDashForward02 SpatiallyLoaded:1 Bounds:IsValid=true, Min=(X=2582.346 Y=9027.654 Z=10.890), Max=(X=2629.186 Y=9121.673 Z=186.128) RuntimeGrid:None EditorOnly:0 RuntimeOnly:0 HLODRelevant:0
 |   |   |- [+] [ 71]
 |   |   |   |- Guid:B72080E04AC7EAC0D4F423AB96EA7DEE BaseClass: NativeClass:/Script/Engine.SkeletalMeshActor Name:SkeletalMeshActor_UAID_B00CD162E1E7692F02_1978325667 Label:Anim_FlyingDashForwardLeft02 SpatiallyLoaded:1 Bounds:IsValid=true, Min=(X=2757.470 Y=9023.277 Z=10.888), Max=(X=2834.968 Y=9107.178 Z=186.098) RuntimeGrid:None EditorOnly:0 RuntimeOnly:0 HLODRelevant:0
 |   |   |- [+] [ 72]
 |   |   |   |- Guid:596D4BD047A80D83382F8A91D6B09C5A BaseClass: NativeClass:/Script/Engine.SkeletalMeshActor Name:SkeletalMeshActor_UAID_B00CD162E1E7692F02_1980929668 Label:Anim_FlyingDashForwardRight02 SpatiallyLoaded:1 Bounds:IsValid=true, Min=(X=2359.951 Y=9044.132 Z=10.889), Max=(X=2445.447 Y=9118.071 Z=186.145) RuntimeGrid:None EditorOnly:0 RuntimeOnly:0 HLODRelevant:0
 |   |   |- [+] [ 73]
 |   |   |   |- Guid:000A87CB4303E94AF341B38BBCFC4E60 BaseClass: NativeClass:/Script/Engine.SkeletalMeshActor Name:SkeletalMeshActor_UAID_B00CD162E1E7692F02_1999216669 Label:Anim_DashBackward01 SpatiallyLoaded:1 Bounds:IsValid=true, Min=(X=3952.343 Y=8597.688 Z=0.150), Max=(X=4021.580 Y=8711.261 Z=158.781) RuntimeGrid:None EditorOnly:0 RuntimeOnly:0 HLODRelevant:0
 |   |   |- [+] [ 74]
 |   |   |   |- Guid:04C3036347353C64033F35A73C951680 BaseClass: NativeClass:/Script/Engine.SkeletalMeshActor Name:SkeletalMeshActor_UAID_B00CD162E1E7692F02_2001938670 Label:Anim_DashBackwardLeft01 SpatiallyLoaded:1 Bounds:IsValid=true, Min=(X=4154.373 Y=8600.366 Z=0.162), Max=(X=4236.736 Y=8699.399 Z=158.784) RuntimeGrid:None EditorOnly:0 RuntimeOnly:0 HLODRelevant:0
 |   |   |- [+] [ 75]
 |   |   |   |- Guid:4137F8024B693D3638C035B0AAF4DDE6 BaseClass: NativeClass:/Script/Engine.SkeletalMeshActor Name:SkeletalMeshActor_UAID_B00CD162E1E7692F02_2004426671 Label:Anim_DashBackwardRight01 SpatiallyLoaded:1 Bounds:IsValid=true, Min=(X=3727.141 Y=8642.353 Z=0.160), Max=(X=3833.444 Y=8721.686 Z=158.781) RuntimeGrid:None EditorOnly:0 RuntimeOnly:0 HLODRelevant:0
 |   |   |- [+] [ 76]
 |   |   |   |- Guid:D1CF31614D18E3DED9B376881997F2BF BaseClass: NativeClass:/Script/Engine.SkeletalMeshActor Name:SkeletalMeshActor_UAID_B00CD162E1E7692F02_2009308672 Label:Anim_DashLeft01 SpatiallyLoaded:1 Bounds:IsValid=true, Min=(X=4163.345 Y=8848.682 Z=0.151), Max=(X=4232.580 Y=8962.257 Z=158.781) RuntimeGrid:None EditorOnly:0 RuntimeOnly:0 HLODRelevant:0
 |   |   |- [+] [ 77]
 |   |   |   |- Guid:DB1D2DF64C78CC9816F8218B5DBB2869 BaseClass: NativeClass:/Script/Engine.SkeletalMeshActor Name:SkeletalMeshActor_UAID_B00CD162E1E7692F02_2012010673 Label:Anim_DashRight01 SpatiallyLoaded:1 Bounds:IsValid=true, Min=(X=3755.345 Y=8855.684 Z=0.150), Max=(X=3824.580 Y=8969.261 Z=158.781) RuntimeGrid:None EditorOnly:0 RuntimeOnly:0 HLODRelevant:0
 |   |   |- [+] [ 78]
 |   |   |   |- Guid:575B53384F0D6E909724868467D5A058 BaseClass: NativeClass:/Script/Engine.SkeletalMeshActor Name:SkeletalMeshActor_UAID_B00CD162E1E7692F02_2016101674 Label:Anim_DashForward01 SpatiallyLoaded:1 Bounds:IsValid=true, Min=(X=3965.344 Y=9016.685 Z=0.149), Max=(X=4034.580 Y=9130.261 Z=158.780) RuntimeGrid:None EditorOnly:0 RuntimeOnly:0 HLODRelevant:0
 |   |   |- [+] [ 79]
 |   |   |   |- Guid:28451DB147A045BC20088C946D123611 BaseClass: NativeClass:/Script/Engine.SkeletalMeshActor Name:SkeletalMeshActor_UAID_B00CD162E1E7692F02_2018360675 Label:Anim_DashForwardLeft01 SpatiallyLoaded:1 Bounds:IsValid=true, Min=(X=4159.273 Y=9068.402 Z=0.161), Max=(X=4264.767 Y=9147.779 Z=158.781) RuntimeGrid:None EditorOnly:0 RuntimeOnly:0 HLODRelevant:0
 |   |   |- [+] [ 80]
 |   |   |   |- Guid:75CB0CAA4A1417202A57B196AE81D5F3 BaseClass: NativeClass:/Script/Engine.SkeletalMeshActor Name:SkeletalMeshActor_UAID_B00CD162E1E7692F02_2020420676 Label:Anim_DashForwardRight01 SpatiallyLoaded:1 Bounds:IsValid=true, Min=(X=3761.285 Y=9051.630 Z=0.163), Max=(X=3842.148 Y=9152.477 Z=158.783) RuntimeGrid:None EditorOnly:0 RuntimeOnly:0 HLODRelevant:0
 |- ContainerInstances:
 |- [+] MainContainer:
 |   |-        ID: 0x0000000000000000
 |   |-    Bounds: IsValid=false, Min=(X=0.000 Y=0.000 Z=0.000), Max=(X=0.000 Y=0.000 Z=0.000)
 |   |- Transform: 0.000000,0.000000,0.000000|0.000000,0.000000,-0.000000|1.000000,1.000000,1.000000
 |   |- Container: /Game/ReaperAnimations/Maps/ThirdPersonMap
----------------------------------------------------------------------------------------------------------------
ThirdPersonMap - Persistent Level
----------------------------------------------------------------------------------------------------------------
Always loaded Actor Count: 158 

----------------------------------------------------------------------------------------------------------------
ThirdPersonMap - Runtime Spatial Hash - Streaming Grid - MainGrid
----------------------------------------------------------------------------------------------------------------
            Origin: X=0.000 Y=0.000 Z=0.000
         Cell Size: 12800
      World Bounds: IsValid=false, Min=(X=0.000 Y=0.000 Z=0.000), Max=(X=0.000 Y=0.000 Z=0.000)
     Loading Range: 25600.00
Block Slow Loading: No
 ClientOnlyVisible: No

[+] Grid Levels: 1
 |- Level  0: Cell Count    0 | Cell Size   12800 | Actor Count    0 (0.0%)

[+] Content of Grid Level 0

